{
  "stats": {
    "suites": 1,
    "tests": 4,
    "passes": 1,
    "pending": 0,
    "failures": 3,
    "start": "2024-01-24T05:14:07.378Z",
    "end": "2024-01-24T05:14:42.189Z",
    "duration": 34811,
    "testsRegistered": 4,
    "passPercent": 25,
    "pendingPercent": 0,
    "other": 0,
    "hasOther": false,
    "skipped": 0,
    "hasSkipped": false
  },
  "results": [
    {
      "uuid": "87d185a6-b991-4c2e-8b11-f4a8e0560b81",
      "title": "",
      "fullFile": "cypress\\e2e\\api\\batch-service\\GET\\batch-allFacultyBatchList.cy.js",
      "file": "cypress\\e2e\\api\\batch-service\\GET\\batch-allFacultyBatchList.cy.js",
      "beforeHooks": [],
      "afterHooks": [],
      "tests": [],
      "suites": [
        {
          "uuid": "223901b5-c872-4319-8081-63c93a4415cc",
          "title": "GET - all Faculty Batch List",
          "fullFile": "",
          "file": "",
          "beforeHooks": [],
          "afterHooks": [],
          "tests": [
            {
              "title": "Authorization Header - No Value",
              "fullTitle": "GET - all Faculty Batch List Authorization Header - No Value",
              "timedOut": null,
              "duration": 762,
              "state": "failed",
              "speed": null,
              "pass": false,
              "fail": true,
              "pending": false,
              "context": "{\n  \"title\": \"cypress-mochawesome-reporter-screenshots\",\n  \"value\": [\n    [\n      \"\\\\batch-service\\\\GET\\\\batch-allFacultyBatchList.cy.js\\\\GET - all Faculty Batch List -- Authorization Header - No Value (failed).png\"\n    ]\n  ]\n}",
              "code": "cy.request({\n  method: HttpMethod.GET,\n  url: API_URL,\n  failOnStatusCode: false,\n  headers: {\n    \"ngrok-skip-browser-warning\": true\n  }\n}).then(response => {\n  expect(response.status).to.equal(404);\n});",
              "err": {
                "message": "AssertionError: expected 500 to equal 404",
                "estack": "AssertionError: expected 500 to equal 404\n    at Context.eval (webpack://automation/./cypress/e2e/api/batch-service/GET/batch-allFacultyBatchList.cy.js:33:47)",
                "diff": "- 500\n+ 404\n"
              },
              "uuid": "3d9de524-1546-48d9-880c-6bf7ca585c98",
              "parentUUID": "223901b5-c872-4319-8081-63c93a4415cc",
              "isHook": false,
              "skipped": false
            },
            {
              "title": "Authorization Header - Invalid Value",
              "fullTitle": "GET - all Faculty Batch List Authorization Header - Invalid Value",
              "timedOut": null,
              "duration": 506,
              "state": "failed",
              "speed": null,
              "pass": false,
              "fail": true,
              "pending": false,
              "context": "{\n  \"title\": \"cypress-mochawesome-reporter-screenshots\",\n  \"value\": [\n    [\n      \"\\\\batch-service\\\\GET\\\\batch-allFacultyBatchList.cy.js\\\\GET - all Faculty Batch List -- Authorization Header - Invalid Value (failed).png\"\n    ]\n  ]\n}",
              "code": "cy.request({\n  method: HttpMethod.GET,\n  url: API_URL,\n  failOnStatusCode: false,\n  headers: {\n    \"Authorization\": \"HALO\",\n    \"ngrok-skip-browser-warning\": true\n  }\n}).then(response => {\n  expect(response.status).to.equal(403);\n});",
              "err": {
                "message": "AssertionError: expected 500 to equal 403",
                "estack": "AssertionError: expected 500 to equal 403\n    at Context.eval (webpack://automation/./cypress/e2e/api/batch-service/GET/batch-allFacultyBatchList.cy.js:54:47)",
                "diff": "- 500\n+ 403\n"
              },
              "uuid": "20c76181-2892-4b61-8c30-41f8b19baf4a",
              "parentUUID": "223901b5-c872-4319-8081-63c93a4415cc",
              "isHook": false,
              "skipped": false
            },
            {
              "title": "Authorization Header - superuser (TOKEN)",
              "fullTitle": "GET - all Faculty Batch List Authorization Header - superuser (TOKEN)",
              "timedOut": null,
              "duration": 2525,
              "state": "passed",
              "speed": "fast",
              "pass": true,
              "fail": false,
              "pending": false,
              "context": null,
              "code": "cy.request({\n  method: HttpMethod.GET,\n  url: API_URL,\n  failOnStatusCode: false,\n  headers: {\n    Authorization: AUTH_HEADER.Admin,\n    \"ngrok-skip-browser-warning\": true\n  }\n}).then(response => {\n  if (response.status === 200) {} else {\n    expect(response.status).to.equal(204);\n  }\n});",
              "err": {},
              "uuid": "a18a3788-5b82-42f3-927d-e04e48b98bd1",
              "parentUUID": "223901b5-c872-4319-8081-63c93a4415cc",
              "isHook": false,
              "skipped": false
            },
            {
              "title": "Authorization Header - sales (TOKEN)",
              "fullTitle": "GET - all Faculty Batch List Authorization Header - sales (TOKEN)",
              "timedOut": null,
              "duration": 30425,
              "state": "failed",
              "speed": null,
              "pass": false,
              "fail": true,
              "pending": false,
              "context": "{\n  \"title\": \"cypress-mochawesome-reporter-screenshots\",\n  \"value\": [\n    [\n      \"\\\\batch-service\\\\GET\\\\batch-allFacultyBatchList.cy.js\\\\GET - all Faculty Batch List -- Authorization Header - sales (TOKEN) (failed).png\"\n    ]\n  ]\n}",
              "code": "cy.request({\n  method: HttpMethod.GET,\n  url: API_URL,\n  failOnStatusCode: false,\n  headers: {\n    Authorization: AUTH_HEADER.Sales,\n    \"ngrok-skip-browser-warning\": true\n  }\n}).then(response => {\n  expect(response.status).to.equal(403);\n});",
              "err": {
                "message": "CypressError: `cy.request()` timed out waiting `30000ms` for a response from your server.\n\nThe request we sent was:\n\nMethod: GET\nURL: https://mollusk-heroic-jaguar.ngrok-free.app/api/batch/get/faculties\n\nNo response was received within the timeout.\n\nhttps://on.cypress.io/request",
                "estack": "CypressError: `cy.request()` timed out waiting `30000ms` for a response from your server.\n\nThe request we sent was:\n\nMethod: GET\nURL: https://mollusk-heroic-jaguar.ngrok-free.app/api/batch/get/faculties\n\nNo response was received within the timeout.\n\nhttps://on.cypress.io/request\n    at <unknown> (http://localhost:61437/__cypress/runner/cypress_runner.js:133014:70)\n    at tryCatcher (http://localhost:61437/__cypress/runner/cypress_runner.js:1807:23)\n    at <unknown> (http://localhost:61437/__cypress/runner/cypress_runner.js:4186:41)\n    at tryCatcher (http://localhost:61437/__cypress/runner/cypress_runner.js:1807:23)\n    at Promise._settlePromiseFromHandler (http://localhost:61437/__cypress/runner/cypress_runner.js:1519:31)\n    at Promise._settlePromise (http://localhost:61437/__cypress/runner/cypress_runner.js:1576:18)\n    at Promise._settlePromise0 (http://localhost:61437/__cypress/runner/cypress_runner.js:1621:10)\n    at Promise._settlePromises (http://localhost:61437/__cypress/runner/cypress_runner.js:1697:18)\n    at _drainQueueStep (http://localhost:61437/__cypress/runner/cypress_runner.js:2407:12)\n    at _drainQueue (http://localhost:61437/__cypress/runner/cypress_runner.js:2400:9)\n    at Async._drainQueues (http://localhost:61437/__cypress/runner/cypress_runner.js:2416:5)\n    at Async.drainQueues (http://localhost:61437/__cypress/runner/cypress_runner.js:2286:14)\nFrom Your Spec Code:\n    at Context.eval (webpack://automation/./cypress/e2e/api/batch-service/GET/batch-allFacultyBatchList.cy.js:87:15)",
                "diff": null
              },
              "uuid": "53bde7df-1af8-4c1d-a549-eafe2ce8f662",
              "parentUUID": "223901b5-c872-4319-8081-63c93a4415cc",
              "isHook": false,
              "skipped": false
            }
          ],
          "suites": [],
          "passes": [
            "a18a3788-5b82-42f3-927d-e04e48b98bd1"
          ],
          "failures": [
            "3d9de524-1546-48d9-880c-6bf7ca585c98",
            "20c76181-2892-4b61-8c30-41f8b19baf4a",
            "53bde7df-1af8-4c1d-a549-eafe2ce8f662"
          ],
          "pending": [],
          "skipped": [],
          "duration": 34218,
          "root": false,
          "rootEmpty": false,
          "_timeout": 2000
        }
      ],
      "passes": [],
      "failures": [],
      "pending": [],
      "skipped": [],
      "duration": 0,
      "root": true,
      "rootEmpty": true,
      "_timeout": 2000
    }
  ],
  "meta": {
    "mocha": {
      "version": "7.0.1"
    },
    "mochawesome": {
      "options": {
        "quiet": false,
        "reportFilename": "mochawesome",
        "saveHtml": false,
        "saveJson": true,
        "consoleReporter": "spec",
        "useInlineDiffs": false,
        "code": true
      },
      "version": "7.1.3"
    },
    "marge": {
      "options": {
        "reportDir": "cypress\\reports\\mochawesome\\.jsons",
        "overwrite": false,
        "html": false,
        "json": true,
        "timestamp": "mmddyyyy_HHMMss"
      },
      "version": "6.2.0"
    }
  }
}