{
  "stats": {
    "suites": 1,
    "tests": 4,
    "passes": 1,
    "pending": 0,
    "failures": 3,
    "start": "2024-01-24T05:10:14.230Z",
    "end": "2024-01-24T05:10:52.483Z",
    "duration": 38253,
    "testsRegistered": 4,
    "passPercent": 25,
    "pendingPercent": 0,
    "other": 0,
    "hasOther": false,
    "skipped": 0,
    "hasSkipped": false
  },
  "results": [
    {
      "uuid": "35803aab-877a-486f-899f-951bed90c56b",
      "title": "",
      "fullFile": "cypress\\e2e\\api\\batch-service\\GET\\batch-allBatchSession.cy.js",
      "file": "cypress\\e2e\\api\\batch-service\\GET\\batch-allBatchSession.cy.js",
      "beforeHooks": [],
      "afterHooks": [],
      "tests": [],
      "suites": [
        {
          "uuid": "06fe8f8a-a2f5-453c-8881-c4688cdb739b",
          "title": "GET - all batch sessions",
          "fullFile": "",
          "file": "",
          "beforeHooks": [],
          "afterHooks": [],
          "tests": [
            {
              "title": "Authorization Header - No Value",
              "fullTitle": "GET - all batch sessions Authorization Header - No Value",
              "timedOut": null,
              "duration": 5210,
              "state": "failed",
              "speed": null,
              "pass": false,
              "fail": true,
              "pending": false,
              "context": "{\n  \"title\": \"cypress-mochawesome-reporter-screenshots\",\n  \"value\": [\n    [\n      \"\\\\batch-service\\\\GET\\\\batch-allBatchSession.cy.js\\\\GET - all batch sessions -- Authorization Header - No Value (failed).png\"\n    ]\n  ]\n}",
              "code": "cy.request({\n  method: HttpMethod.GET,\n  url: API_URL,\n  failOnStatusCode: false,\n  headers: {\n    \"ngrok-skip-browser-warning\": true\n  }\n}).then(response => {\n  expect(response.status).to.equal(404);\n});",
              "err": {
                "message": "AssertionError: expected 500 to equal 404",
                "estack": "AssertionError: expected 500 to equal 404\n    at Context.eval (webpack://automation/./cypress/e2e/api/batch-service/GET/batch-allBatchSession.cy.js:36:39)",
                "diff": "- 500\n+ 404\n"
              },
              "uuid": "968f4729-8e48-4fd2-b966-9548ccdb7dc6",
              "parentUUID": "06fe8f8a-a2f5-453c-8881-c4688cdb739b",
              "isHook": false,
              "skipped": false
            },
            {
              "title": "Authorization Header - Invalid Value",
              "fullTitle": "GET - all batch sessions Authorization Header - Invalid Value",
              "timedOut": null,
              "duration": 1232,
              "state": "failed",
              "speed": null,
              "pass": false,
              "fail": true,
              "pending": false,
              "context": "{\n  \"title\": \"cypress-mochawesome-reporter-screenshots\",\n  \"value\": [\n    [\n      \"\\\\batch-service\\\\GET\\\\batch-allBatchSession.cy.js\\\\GET - all batch sessions -- Authorization Header - Invalid Value (failed).png\"\n    ]\n  ]\n}",
              "code": "cy.request({\n  method: HttpMethod.GET,\n  url: API_URL,\n  failOnStatusCode: false,\n  headers: {\n    \"Authorization\": \"HALO\",\n    \"ngrok-skip-browser-warning\": true\n  }\n}).then(response => {\n  expect(response.status).to.equal(403);\n});",
              "err": {
                "message": "AssertionError: expected 500 to equal 403",
                "estack": "AssertionError: expected 500 to equal 403\n    at Context.eval (webpack://automation/./cypress/e2e/api/batch-service/GET/batch-allBatchSession.cy.js:57:47)",
                "diff": "- 500\n+ 403\n"
              },
              "uuid": "eec0c691-ef8e-4e54-a668-ef5c629c24b2",
              "parentUUID": "06fe8f8a-a2f5-453c-8881-c4688cdb739b",
              "isHook": false,
              "skipped": false
            },
            {
              "title": "Authorization Header - superuser (TOKEN)",
              "fullTitle": "GET - all batch sessions Authorization Header - superuser (TOKEN)",
              "timedOut": null,
              "duration": 438,
              "state": "passed",
              "speed": "fast",
              "pass": true,
              "fail": false,
              "pending": false,
              "context": null,
              "code": "cy.request({\n  method: HttpMethod.GET,\n  url: API_URL,\n  failOnStatusCode: false,\n  headers: {\n    Authorization: AUTH_HEADER.Admin,\n    \"ngrok-skip-browser-warning\": true\n  }\n}).then(response => {\n  expect(response.status).to.equal(200);\n});",
              "err": {},
              "uuid": "a3dc80e3-cbcc-4941-b6f4-d7d06f32e580",
              "parentUUID": "06fe8f8a-a2f5-453c-8881-c4688cdb739b",
              "isHook": false,
              "skipped": false
            },
            {
              "title": "Authorization Header - sales (TOKEN)",
              "fullTitle": "GET - all batch sessions Authorization Header - sales (TOKEN)",
              "timedOut": null,
              "duration": 30456,
              "state": "failed",
              "speed": null,
              "pass": false,
              "fail": true,
              "pending": false,
              "context": "{\n  \"title\": \"cypress-mochawesome-reporter-screenshots\",\n  \"value\": [\n    [\n      \"\\\\batch-service\\\\GET\\\\batch-allBatchSession.cy.js\\\\GET - all batch sessions -- Authorization Header - sales (TOKEN) (failed).png\"\n    ]\n  ]\n}",
              "code": "cy.request({\n  method: HttpMethod.GET,\n  url: API_URL,\n  failOnStatusCode: false,\n  headers: {\n    Authorization: AUTH_HEADER.Sales,\n    \"ngrok-skip-browser-warning\": true\n  }\n}).then(response => {\n  expect(response.status).to.equal(403);\n});",
              "err": {
                "message": "CypressError: `cy.request()` timed out waiting `30000ms` for a response from your server.\n\nThe request we sent was:\n\nMethod: GET\nURL: https://mollusk-heroic-jaguar.ngrok-free.app/api/batch/allsessions\n\nNo response was received within the timeout.\n\nhttps://on.cypress.io/request",
                "estack": "CypressError: `cy.request()` timed out waiting `30000ms` for a response from your server.\n\nThe request we sent was:\n\nMethod: GET\nURL: https://mollusk-heroic-jaguar.ngrok-free.app/api/batch/allsessions\n\nNo response was received within the timeout.\n\nhttps://on.cypress.io/request\n    at <unknown> (http://localhost:61437/__cypress/runner/cypress_runner.js:133014:70)\n    at tryCatcher (http://localhost:61437/__cypress/runner/cypress_runner.js:1807:23)\n    at <unknown> (http://localhost:61437/__cypress/runner/cypress_runner.js:4186:41)\n    at tryCatcher (http://localhost:61437/__cypress/runner/cypress_runner.js:1807:23)\n    at Promise._settlePromiseFromHandler (http://localhost:61437/__cypress/runner/cypress_runner.js:1519:31)\n    at Promise._settlePromise (http://localhost:61437/__cypress/runner/cypress_runner.js:1576:18)\n    at Promise._settlePromise0 (http://localhost:61437/__cypress/runner/cypress_runner.js:1621:10)\n    at Promise._settlePromises (http://localhost:61437/__cypress/runner/cypress_runner.js:1697:18)\n    at _drainQueueStep (http://localhost:61437/__cypress/runner/cypress_runner.js:2407:12)\n    at _drainQueue (http://localhost:61437/__cypress/runner/cypress_runner.js:2400:9)\n    at Async._drainQueues (http://localhost:61437/__cypress/runner/cypress_runner.js:2416:5)\n    at Async.drainQueues (http://localhost:61437/__cypress/runner/cypress_runner.js:2286:14)\nFrom Your Spec Code:\n    at Context.eval (webpack://automation/./cypress/e2e/api/batch-service/GET/batch-allBatchSession.cy.js:89:15)",
                "diff": null
              },
              "uuid": "be53aeca-f472-4c96-9cbc-bea1edd60a39",
              "parentUUID": "06fe8f8a-a2f5-453c-8881-c4688cdb739b",
              "isHook": false,
              "skipped": false
            }
          ],
          "suites": [],
          "passes": [
            "a3dc80e3-cbcc-4941-b6f4-d7d06f32e580"
          ],
          "failures": [
            "968f4729-8e48-4fd2-b966-9548ccdb7dc6",
            "eec0c691-ef8e-4e54-a668-ef5c629c24b2",
            "be53aeca-f472-4c96-9cbc-bea1edd60a39"
          ],
          "pending": [],
          "skipped": [],
          "duration": 37336,
          "root": false,
          "rootEmpty": false,
          "_timeout": 2000
        }
      ],
      "passes": [],
      "failures": [],
      "pending": [],
      "skipped": [],
      "duration": 0,
      "root": true,
      "rootEmpty": true,
      "_timeout": 2000
    }
  ],
  "meta": {
    "mocha": {
      "version": "7.0.1"
    },
    "mochawesome": {
      "options": {
        "quiet": false,
        "reportFilename": "mochawesome",
        "saveHtml": false,
        "saveJson": true,
        "consoleReporter": "spec",
        "useInlineDiffs": false,
        "code": true
      },
      "version": "7.1.3"
    },
    "marge": {
      "options": {
        "reportDir": "cypress\\reports\\mochawesome\\.jsons",
        "overwrite": false,
        "html": false,
        "json": true,
        "timestamp": "mmddyyyy_HHMMss"
      },
      "version": "6.2.0"
    }
  }
}