{
  "stats": {
    "suites": 1,
    "tests": 16,
    "passes": 4,
    "pending": 0,
    "failures": 12,
    "start": "2024-01-24T05:11:01.508Z",
    "end": "2024-01-24T05:13:14.276Z",
    "duration": 132768,
    "testsRegistered": 16,
    "passPercent": 25,
    "pendingPercent": 0,
    "other": 0,
    "hasOther": false,
    "skipped": 0,
    "hasSkipped": false
  },
  "results": [
    {
      "uuid": "fef8ecfe-8e27-438d-b369-a87e999bb6f3",
      "title": "",
      "fullFile": "cypress\\e2e\\api\\batch-service\\GET\\batch-allBatchSessionByCourse.cy.js",
      "file": "cypress\\e2e\\api\\batch-service\\GET\\batch-allBatchSessionByCourse.cy.js",
      "beforeHooks": [],
      "afterHooks": [],
      "tests": [],
      "suites": [
        {
          "uuid": "c1d75a06-de6c-4f53-9b1e-2f3e8be1bcaa",
          "title": "GET - All Batch Sessions By Course",
          "fullFile": "",
          "file": "",
          "beforeHooks": [],
          "afterHooks": [],
          "tests": [
            {
              "title": "Authorization Header - No Value",
              "fullTitle": "GET - All Batch Sessions By Course Authorization Header - No Value",
              "timedOut": null,
              "duration": 1059,
              "state": "failed",
              "speed": null,
              "pass": false,
              "fail": true,
              "pending": false,
              "context": "{\n  \"title\": \"cypress-mochawesome-reporter-screenshots\",\n  \"value\": [\n    [\n      \"\\\\batch-service\\\\GET\\\\batch-allBatchSessionByCourse.cy.js\\\\GET - All Batch Sessions By Course -- Authorization Header - No Value (failed).png\"\n    ]\n  ]\n}",
              "code": "cy.request({\n  method: HttpMethod.GET,\n  url: API_URL,\n  failOnStatusCode: false,\n  headers: {\n    \"ngrok-skip-browser-warning\": true\n  }\n}).then(response => {\n  expect(response.status).to.equal(404);\n});",
              "err": {
                "message": "AssertionError: expected 500 to equal 404",
                "estack": "AssertionError: expected 500 to equal 404\n    at Context.eval (webpack://automation/./cypress/e2e/api/batch-service/GET/batch-allBatchSessionByCourse.cy.js:39:47)",
                "diff": "- 500\n+ 404\n"
              },
              "uuid": "757f1f07-2358-4ba2-b9f8-5a41fdd05f16",
              "parentUUID": "c1d75a06-de6c-4f53-9b1e-2f3e8be1bcaa",
              "isHook": false,
              "skipped": false
            },
            {
              "title": "Authorization Header - Invalid Value",
              "fullTitle": "GET - All Batch Sessions By Course Authorization Header - Invalid Value",
              "timedOut": null,
              "duration": 733,
              "state": "failed",
              "speed": null,
              "pass": false,
              "fail": true,
              "pending": false,
              "context": "{\n  \"title\": \"cypress-mochawesome-reporter-screenshots\",\n  \"value\": [\n    [\n      \"\\\\batch-service\\\\GET\\\\batch-allBatchSessionByCourse.cy.js\\\\GET - All Batch Sessions By Course -- Authorization Header - Invalid Value (failed).png\"\n    ]\n  ]\n}",
              "code": "cy.request({\n  method: HttpMethod.GET,\n  url: API_URL,\n  failOnStatusCode: false,\n  headers: {\n    \"Authorization\": \"HALO\",\n    \"ngrok-skip-browser-warning\": true\n  }\n}).then(response => {\n  expect(response.status).to.equal(403);\n});",
              "err": {
                "message": "AssertionError: expected 500 to equal 403",
                "estack": "AssertionError: expected 500 to equal 403\n    at Context.eval (webpack://automation/./cypress/e2e/api/batch-service/GET/batch-allBatchSessionByCourse.cy.js:61:47)",
                "diff": "- 500\n+ 403\n"
              },
              "uuid": "2ed007ae-89f3-4830-b4dc-6f0f2e7d10b5",
              "parentUUID": "c1d75a06-de6c-4f53-9b1e-2f3e8be1bcaa",
              "isHook": false,
              "skipped": false
            },
            {
              "title": "Authorization Header - superuser (TOKEN)",
              "fullTitle": "GET - All Batch Sessions By Course Authorization Header - superuser (TOKEN)",
              "timedOut": null,
              "duration": 247,
              "state": "passed",
              "speed": "fast",
              "pass": true,
              "fail": false,
              "pending": false,
              "context": null,
              "code": "cy.request({\n  method: HttpMethod.GET,\n  url: API_URL,\n  failOnStatusCode: false,\n  headers: {\n    Authorization: AUTH_HEADER.Admin,\n    \"ngrok-skip-browser-warning\": true\n  }\n}).then(response => {\n  if (response.body.length === 0) {\n    expect(response.status).to.equal(204);\n  } else {\n    expect(response.status).to.equal(200);\n  }\n});",
              "err": {},
              "uuid": "2fc30856-f93e-4d1c-a8c6-8bf6585032ea",
              "parentUUID": "c1d75a06-de6c-4f53-9b1e-2f3e8be1bcaa",
              "isHook": false,
              "skipped": false
            },
            {
              "title": "Authorization Header - sales (TOKEN)",
              "fullTitle": "GET - All Batch Sessions By Course Authorization Header - sales (TOKEN)",
              "timedOut": null,
              "duration": 30631,
              "state": "failed",
              "speed": null,
              "pass": false,
              "fail": true,
              "pending": false,
              "context": "{\n  \"title\": \"cypress-mochawesome-reporter-screenshots\",\n  \"value\": [\n    [\n      \"\\\\batch-service\\\\GET\\\\batch-allBatchSessionByCourse.cy.js\\\\GET - All Batch Sessions By Course -- Authorization Header - sales (TOKEN) (failed).png\"\n    ]\n  ]\n}",
              "code": "cy.request({\n  method: HttpMethod.GET,\n  url: API_URL,\n  failOnStatusCode: false,\n  headers: {\n    Authorization: AUTH_HEADER.Sales,\n    \"ngrok-skip-browser-warning\": true\n  }\n}).then(response => {\n  expect(response.status).to.equal(403);\n});",
              "err": {
                "message": "CypressError: `cy.request()` timed out waiting `30000ms` for a response from your server.\n\nThe request we sent was:\n\nMethod: GET\nURL: https://mollusk-heroic-jaguar.ngrok-free.app/api/batch/allsessions/c/Python,JavaScript,Java,C#\n\nNo response was received within the timeout.\n\nhttps://on.cypress.io/request",
                "estack": "CypressError: `cy.request()` timed out waiting `30000ms` for a response from your server.\n\nThe request we sent was:\n\nMethod: GET\nURL: https://mollusk-heroic-jaguar.ngrok-free.app/api/batch/allsessions/c/Python,JavaScript,Java,C#\n\nNo response was received within the timeout.\n\nhttps://on.cypress.io/request\n    at <unknown> (http://localhost:61437/__cypress/runner/cypress_runner.js:133014:70)\n    at tryCatcher (http://localhost:61437/__cypress/runner/cypress_runner.js:1807:23)\n    at <unknown> (http://localhost:61437/__cypress/runner/cypress_runner.js:4186:41)\n    at tryCatcher (http://localhost:61437/__cypress/runner/cypress_runner.js:1807:23)\n    at Promise._settlePromiseFromHandler (http://localhost:61437/__cypress/runner/cypress_runner.js:1519:31)\n    at Promise._settlePromise (http://localhost:61437/__cypress/runner/cypress_runner.js:1576:18)\n    at Promise._settlePromise0 (http://localhost:61437/__cypress/runner/cypress_runner.js:1621:10)\n    at Promise._settlePromises (http://localhost:61437/__cypress/runner/cypress_runner.js:1697:18)\n    at _drainQueueStep (http://localhost:61437/__cypress/runner/cypress_runner.js:2407:12)\n    at _drainQueue (http://localhost:61437/__cypress/runner/cypress_runner.js:2400:9)\n    at Async._drainQueues (http://localhost:61437/__cypress/runner/cypress_runner.js:2416:5)\n    at Async.drainQueues (http://localhost:61437/__cypress/runner/cypress_runner.js:2286:14)\nFrom Your Spec Code:\n    at Context.eval (webpack://automation/./cypress/e2e/api/batch-service/GET/batch-allBatchSessionByCourse.cy.js:95:15)",
                "diff": null
              },
              "uuid": "458c992e-19e6-4536-b7ef-386c5d891c34",
              "parentUUID": "c1d75a06-de6c-4f53-9b1e-2f3e8be1bcaa",
              "isHook": false,
              "skipped": false
            },
            {
              "title": "Authorization Header - No Value",
              "fullTitle": "GET - All Batch Sessions By Course Authorization Header - No Value",
              "timedOut": null,
              "duration": 694,
              "state": "failed",
              "speed": null,
              "pass": false,
              "fail": true,
              "pending": false,
              "context": "{\n  \"title\": \"cypress-mochawesome-reporter-screenshots\",\n  \"value\": [\n    [\n      \"\\\\batch-service\\\\GET\\\\batch-allBatchSessionByCourse.cy.js\\\\GET - All Batch Sessions By Course -- Authorization Header - No Value (failed) (1).png\"\n    ]\n  ]\n}",
              "code": "cy.request({\n  method: HttpMethod.GET,\n  url: API_URL,\n  failOnStatusCode: false,\n  headers: {\n    \"ngrok-skip-browser-warning\": true\n  }\n}).then(response => {\n  expect(response.status).to.equal(404);\n});",
              "err": {
                "message": "AssertionError: expected 500 to equal 404",
                "estack": "AssertionError: expected 500 to equal 404\n    at Context.eval (webpack://automation/./cypress/e2e/api/batch-service/GET/batch-allBatchSessionByCourse.cy.js:39:47)",
                "diff": "- 500\n+ 404\n"
              },
              "uuid": "fe1bf6b9-c20d-4523-8dc3-71517cfad7cb",
              "parentUUID": "c1d75a06-de6c-4f53-9b1e-2f3e8be1bcaa",
              "isHook": false,
              "skipped": false
            },
            {
              "title": "Authorization Header - Invalid Value",
              "fullTitle": "GET - All Batch Sessions By Course Authorization Header - Invalid Value",
              "timedOut": null,
              "duration": 651,
              "state": "failed",
              "speed": null,
              "pass": false,
              "fail": true,
              "pending": false,
              "context": "{\n  \"title\": \"cypress-mochawesome-reporter-screenshots\",\n  \"value\": [\n    [\n      \"\\\\batch-service\\\\GET\\\\batch-allBatchSessionByCourse.cy.js\\\\GET - All Batch Sessions By Course -- Authorization Header - Invalid Value (failed) (1).png\"\n    ]\n  ]\n}",
              "code": "cy.request({\n  method: HttpMethod.GET,\n  url: API_URL,\n  failOnStatusCode: false,\n  headers: {\n    \"Authorization\": \"HALO\",\n    \"ngrok-skip-browser-warning\": true\n  }\n}).then(response => {\n  expect(response.status).to.equal(403);\n});",
              "err": {
                "message": "AssertionError: expected 500 to equal 403",
                "estack": "AssertionError: expected 500 to equal 403\n    at Context.eval (webpack://automation/./cypress/e2e/api/batch-service/GET/batch-allBatchSessionByCourse.cy.js:61:47)",
                "diff": "- 500\n+ 403\n"
              },
              "uuid": "d2161df4-922c-4593-87de-51b0241e7002",
              "parentUUID": "c1d75a06-de6c-4f53-9b1e-2f3e8be1bcaa",
              "isHook": false,
              "skipped": false
            },
            {
              "title": "Authorization Header - superuser (TOKEN)",
              "fullTitle": "GET - All Batch Sessions By Course Authorization Header - superuser (TOKEN)",
              "timedOut": null,
              "duration": 250,
              "state": "passed",
              "speed": "fast",
              "pass": true,
              "fail": false,
              "pending": false,
              "context": null,
              "code": "cy.request({\n  method: HttpMethod.GET,\n  url: API_URL,\n  failOnStatusCode: false,\n  headers: {\n    Authorization: AUTH_HEADER.Admin,\n    \"ngrok-skip-browser-warning\": true\n  }\n}).then(response => {\n  if (response.body.length === 0) {\n    expect(response.status).to.equal(204);\n  } else {\n    expect(response.status).to.equal(200);\n  }\n});",
              "err": {},
              "uuid": "76f44977-a349-404e-b3b3-619ae0c58e84",
              "parentUUID": "c1d75a06-de6c-4f53-9b1e-2f3e8be1bcaa",
              "isHook": false,
              "skipped": false
            },
            {
              "title": "Authorization Header - sales (TOKEN)",
              "fullTitle": "GET - All Batch Sessions By Course Authorization Header - sales (TOKEN)",
              "timedOut": null,
              "duration": 30559,
              "state": "failed",
              "speed": null,
              "pass": false,
              "fail": true,
              "pending": false,
              "context": "{\n  \"title\": \"cypress-mochawesome-reporter-screenshots\",\n  \"value\": [\n    [\n      \"\\\\batch-service\\\\GET\\\\batch-allBatchSessionByCourse.cy.js\\\\GET - All Batch Sessions By Course -- Authorization Header - sales (TOKEN) (failed) (1).png\"\n    ]\n  ]\n}",
              "code": "cy.request({\n  method: HttpMethod.GET,\n  url: API_URL,\n  failOnStatusCode: false,\n  headers: {\n    Authorization: AUTH_HEADER.Sales,\n    \"ngrok-skip-browser-warning\": true\n  }\n}).then(response => {\n  expect(response.status).to.equal(403);\n});",
              "err": {
                "message": "CypressError: `cy.request()` timed out waiting `30000ms` for a response from your server.\n\nThe request we sent was:\n\nMethod: GET\nURL: https://mollusk-heroic-jaguar.ngrok-free.app/api/batch/allsessions/c/Python,JavaScript,Java,C#\n\nNo response was received within the timeout.\n\nhttps://on.cypress.io/request",
                "estack": "CypressError: `cy.request()` timed out waiting `30000ms` for a response from your server.\n\nThe request we sent was:\n\nMethod: GET\nURL: https://mollusk-heroic-jaguar.ngrok-free.app/api/batch/allsessions/c/Python,JavaScript,Java,C#\n\nNo response was received within the timeout.\n\nhttps://on.cypress.io/request\n    at <unknown> (http://localhost:61437/__cypress/runner/cypress_runner.js:133014:70)\n    at tryCatcher (http://localhost:61437/__cypress/runner/cypress_runner.js:1807:23)\n    at <unknown> (http://localhost:61437/__cypress/runner/cypress_runner.js:4186:41)\n    at tryCatcher (http://localhost:61437/__cypress/runner/cypress_runner.js:1807:23)\n    at Promise._settlePromiseFromHandler (http://localhost:61437/__cypress/runner/cypress_runner.js:1519:31)\n    at Promise._settlePromise (http://localhost:61437/__cypress/runner/cypress_runner.js:1576:18)\n    at Promise._settlePromise0 (http://localhost:61437/__cypress/runner/cypress_runner.js:1621:10)\n    at Promise._settlePromises (http://localhost:61437/__cypress/runner/cypress_runner.js:1697:18)\n    at _drainQueueStep (http://localhost:61437/__cypress/runner/cypress_runner.js:2407:12)\n    at _drainQueue (http://localhost:61437/__cypress/runner/cypress_runner.js:2400:9)\n    at Async._drainQueues (http://localhost:61437/__cypress/runner/cypress_runner.js:2416:5)\n    at Async.drainQueues (http://localhost:61437/__cypress/runner/cypress_runner.js:2286:14)\nFrom Your Spec Code:\n    at Context.eval (webpack://automation/./cypress/e2e/api/batch-service/GET/batch-allBatchSessionByCourse.cy.js:95:15)",
                "diff": null
              },
              "uuid": "a485d94b-61fc-49a7-ac64-a8d07c94a839",
              "parentUUID": "c1d75a06-de6c-4f53-9b1e-2f3e8be1bcaa",
              "isHook": false,
              "skipped": false
            },
            {
              "title": "Authorization Header - No Value",
              "fullTitle": "GET - All Batch Sessions By Course Authorization Header - No Value",
              "timedOut": null,
              "duration": 720,
              "state": "failed",
              "speed": null,
              "pass": false,
              "fail": true,
              "pending": false,
              "context": "{\n  \"title\": \"cypress-mochawesome-reporter-screenshots\",\n  \"value\": [\n    [\n      \"\\\\batch-service\\\\GET\\\\batch-allBatchSessionByCourse.cy.js\\\\GET - All Batch Sessions By Course -- Authorization Header - No Value (failed) (2).png\"\n    ]\n  ]\n}",
              "code": "cy.request({\n  method: HttpMethod.GET,\n  url: API_URL,\n  failOnStatusCode: false,\n  headers: {\n    \"ngrok-skip-browser-warning\": true\n  }\n}).then(response => {\n  expect(response.status).to.equal(404);\n});",
              "err": {
                "message": "AssertionError: expected 500 to equal 404",
                "estack": "AssertionError: expected 500 to equal 404\n    at Context.eval (webpack://automation/./cypress/e2e/api/batch-service/GET/batch-allBatchSessionByCourse.cy.js:39:47)",
                "diff": "- 500\n+ 404\n"
              },
              "uuid": "3f7d94d0-0cea-435c-bba2-db2cc0fc1a77",
              "parentUUID": "c1d75a06-de6c-4f53-9b1e-2f3e8be1bcaa",
              "isHook": false,
              "skipped": false
            },
            {
              "title": "Authorization Header - Invalid Value",
              "fullTitle": "GET - All Batch Sessions By Course Authorization Header - Invalid Value",
              "timedOut": null,
              "duration": 809,
              "state": "failed",
              "speed": null,
              "pass": false,
              "fail": true,
              "pending": false,
              "context": "{\n  \"title\": \"cypress-mochawesome-reporter-screenshots\",\n  \"value\": [\n    [\n      \"\\\\batch-service\\\\GET\\\\batch-allBatchSessionByCourse.cy.js\\\\GET - All Batch Sessions By Course -- Authorization Header - Invalid Value (failed) (2).png\"\n    ]\n  ]\n}",
              "code": "cy.request({\n  method: HttpMethod.GET,\n  url: API_URL,\n  failOnStatusCode: false,\n  headers: {\n    \"Authorization\": \"HALO\",\n    \"ngrok-skip-browser-warning\": true\n  }\n}).then(response => {\n  expect(response.status).to.equal(403);\n});",
              "err": {
                "message": "AssertionError: expected 500 to equal 403",
                "estack": "AssertionError: expected 500 to equal 403\n    at Context.eval (webpack://automation/./cypress/e2e/api/batch-service/GET/batch-allBatchSessionByCourse.cy.js:61:47)",
                "diff": "- 500\n+ 403\n"
              },
              "uuid": "6e99a6d1-ecd4-4c4c-9aa2-a6351480d8c1",
              "parentUUID": "c1d75a06-de6c-4f53-9b1e-2f3e8be1bcaa",
              "isHook": false,
              "skipped": false
            },
            {
              "title": "Authorization Header - superuser (TOKEN)",
              "fullTitle": "GET - All Batch Sessions By Course Authorization Header - superuser (TOKEN)",
              "timedOut": null,
              "duration": 173,
              "state": "passed",
              "speed": "fast",
              "pass": true,
              "fail": false,
              "pending": false,
              "context": null,
              "code": "cy.request({\n  method: HttpMethod.GET,\n  url: API_URL,\n  failOnStatusCode: false,\n  headers: {\n    Authorization: AUTH_HEADER.Admin,\n    \"ngrok-skip-browser-warning\": true\n  }\n}).then(response => {\n  if (response.body.length === 0) {\n    expect(response.status).to.equal(204);\n  } else {\n    expect(response.status).to.equal(200);\n  }\n});",
              "err": {},
              "uuid": "910c4e62-9a81-4cac-a21b-52e98e76c52f",
              "parentUUID": "c1d75a06-de6c-4f53-9b1e-2f3e8be1bcaa",
              "isHook": false,
              "skipped": false
            },
            {
              "title": "Authorization Header - sales (TOKEN)",
              "fullTitle": "GET - All Batch Sessions By Course Authorization Header - sales (TOKEN)",
              "timedOut": null,
              "duration": 30553,
              "state": "failed",
              "speed": null,
              "pass": false,
              "fail": true,
              "pending": false,
              "context": "{\n  \"title\": \"cypress-mochawesome-reporter-screenshots\",\n  \"value\": [\n    [\n      \"\\\\batch-service\\\\GET\\\\batch-allBatchSessionByCourse.cy.js\\\\GET - All Batch Sessions By Course -- Authorization Header - sales (TOKEN) (failed) (2).png\"\n    ]\n  ]\n}",
              "code": "cy.request({\n  method: HttpMethod.GET,\n  url: API_URL,\n  failOnStatusCode: false,\n  headers: {\n    Authorization: AUTH_HEADER.Sales,\n    \"ngrok-skip-browser-warning\": true\n  }\n}).then(response => {\n  expect(response.status).to.equal(403);\n});",
              "err": {
                "message": "CypressError: `cy.request()` timed out waiting `30000ms` for a response from your server.\n\nThe request we sent was:\n\nMethod: GET\nURL: https://mollusk-heroic-jaguar.ngrok-free.app/api/batch/allsessions/c/Python,JavaScript,Java,C#\n\nNo response was received within the timeout.\n\nhttps://on.cypress.io/request",
                "estack": "CypressError: `cy.request()` timed out waiting `30000ms` for a response from your server.\n\nThe request we sent was:\n\nMethod: GET\nURL: https://mollusk-heroic-jaguar.ngrok-free.app/api/batch/allsessions/c/Python,JavaScript,Java,C#\n\nNo response was received within the timeout.\n\nhttps://on.cypress.io/request\n    at <unknown> (http://localhost:61437/__cypress/runner/cypress_runner.js:133014:70)\n    at tryCatcher (http://localhost:61437/__cypress/runner/cypress_runner.js:1807:23)\n    at <unknown> (http://localhost:61437/__cypress/runner/cypress_runner.js:4186:41)\n    at tryCatcher (http://localhost:61437/__cypress/runner/cypress_runner.js:1807:23)\n    at Promise._settlePromiseFromHandler (http://localhost:61437/__cypress/runner/cypress_runner.js:1519:31)\n    at Promise._settlePromise (http://localhost:61437/__cypress/runner/cypress_runner.js:1576:18)\n    at Promise._settlePromise0 (http://localhost:61437/__cypress/runner/cypress_runner.js:1621:10)\n    at Promise._settlePromises (http://localhost:61437/__cypress/runner/cypress_runner.js:1697:18)\n    at _drainQueueStep (http://localhost:61437/__cypress/runner/cypress_runner.js:2407:12)\n    at _drainQueue (http://localhost:61437/__cypress/runner/cypress_runner.js:2400:9)\n    at Async._drainQueues (http://localhost:61437/__cypress/runner/cypress_runner.js:2416:5)\n    at Async.drainQueues (http://localhost:61437/__cypress/runner/cypress_runner.js:2286:14)\nFrom Your Spec Code:\n    at Context.eval (webpack://automation/./cypress/e2e/api/batch-service/GET/batch-allBatchSessionByCourse.cy.js:95:15)",
                "diff": null
              },
              "uuid": "0eb8c2bf-fea9-4ce2-835f-cf43a9bfcebb",
              "parentUUID": "c1d75a06-de6c-4f53-9b1e-2f3e8be1bcaa",
              "isHook": false,
              "skipped": false
            },
            {
              "title": "Authorization Header - No Value",
              "fullTitle": "GET - All Batch Sessions By Course Authorization Header - No Value",
              "timedOut": null,
              "duration": 752,
              "state": "failed",
              "speed": null,
              "pass": false,
              "fail": true,
              "pending": false,
              "context": "{\n  \"title\": \"cypress-mochawesome-reporter-screenshots\",\n  \"value\": [\n    [\n      \"\\\\batch-service\\\\GET\\\\batch-allBatchSessionByCourse.cy.js\\\\GET - All Batch Sessions By Course -- Authorization Header - No Value (failed) (3).png\"\n    ]\n  ]\n}",
              "code": "cy.request({\n  method: HttpMethod.GET,\n  url: API_URL,\n  failOnStatusCode: false,\n  headers: {\n    \"ngrok-skip-browser-warning\": true\n  }\n}).then(response => {\n  expect(response.status).to.equal(404);\n});",
              "err": {
                "message": "AssertionError: expected 500 to equal 404",
                "estack": "AssertionError: expected 500 to equal 404\n    at Context.eval (webpack://automation/./cypress/e2e/api/batch-service/GET/batch-allBatchSessionByCourse.cy.js:39:47)",
                "diff": "- 500\n+ 404\n"
              },
              "uuid": "92d0207c-ee09-449f-ae1d-015fa9015e8b",
              "parentUUID": "c1d75a06-de6c-4f53-9b1e-2f3e8be1bcaa",
              "isHook": false,
              "skipped": false
            },
            {
              "title": "Authorization Header - Invalid Value",
              "fullTitle": "GET - All Batch Sessions By Course Authorization Header - Invalid Value",
              "timedOut": null,
              "duration": 708,
              "state": "failed",
              "speed": null,
              "pass": false,
              "fail": true,
              "pending": false,
              "context": "{\n  \"title\": \"cypress-mochawesome-reporter-screenshots\",\n  \"value\": [\n    [\n      \"\\\\batch-service\\\\GET\\\\batch-allBatchSessionByCourse.cy.js\\\\GET - All Batch Sessions By Course -- Authorization Header - Invalid Value (failed) (3).png\"\n    ]\n  ]\n}",
              "code": "cy.request({\n  method: HttpMethod.GET,\n  url: API_URL,\n  failOnStatusCode: false,\n  headers: {\n    \"Authorization\": \"HALO\",\n    \"ngrok-skip-browser-warning\": true\n  }\n}).then(response => {\n  expect(response.status).to.equal(403);\n});",
              "err": {
                "message": "AssertionError: expected 500 to equal 403",
                "estack": "AssertionError: expected 500 to equal 403\n    at Context.eval (webpack://automation/./cypress/e2e/api/batch-service/GET/batch-allBatchSessionByCourse.cy.js:61:47)",
                "diff": "- 500\n+ 403\n"
              },
              "uuid": "936f0c8b-25c9-467d-99e7-6794a1b8f8da",
              "parentUUID": "c1d75a06-de6c-4f53-9b1e-2f3e8be1bcaa",
              "isHook": false,
              "skipped": false
            },
            {
              "title": "Authorization Header - superuser (TOKEN)",
              "fullTitle": "GET - All Batch Sessions By Course Authorization Header - superuser (TOKEN)",
              "timedOut": null,
              "duration": 231,
              "state": "passed",
              "speed": "fast",
              "pass": true,
              "fail": false,
              "pending": false,
              "context": null,
              "code": "cy.request({\n  method: HttpMethod.GET,\n  url: API_URL,\n  failOnStatusCode: false,\n  headers: {\n    Authorization: AUTH_HEADER.Admin,\n    \"ngrok-skip-browser-warning\": true\n  }\n}).then(response => {\n  if (response.body.length === 0) {\n    expect(response.status).to.equal(204);\n  } else {\n    expect(response.status).to.equal(200);\n  }\n});",
              "err": {},
              "uuid": "858e35ce-4844-4507-be95-cd8f811650b0",
              "parentUUID": "c1d75a06-de6c-4f53-9b1e-2f3e8be1bcaa",
              "isHook": false,
              "skipped": false
            },
            {
              "title": "Authorization Header - sales (TOKEN)",
              "fullTitle": "GET - All Batch Sessions By Course Authorization Header - sales (TOKEN)",
              "timedOut": null,
              "duration": 30650,
              "state": "failed",
              "speed": null,
              "pass": false,
              "fail": true,
              "pending": false,
              "context": "{\n  \"title\": \"cypress-mochawesome-reporter-screenshots\",\n  \"value\": [\n    [\n      \"\\\\batch-service\\\\GET\\\\batch-allBatchSessionByCourse.cy.js\\\\GET - All Batch Sessions By Course -- Authorization Header - sales (TOKEN) (failed) (3).png\"\n    ]\n  ]\n}",
              "code": "cy.request({\n  method: HttpMethod.GET,\n  url: API_URL,\n  failOnStatusCode: false,\n  headers: {\n    Authorization: AUTH_HEADER.Sales,\n    \"ngrok-skip-browser-warning\": true\n  }\n}).then(response => {\n  expect(response.status).to.equal(403);\n});",
              "err": {
                "message": "CypressError: `cy.request()` timed out waiting `30000ms` for a response from your server.\n\nThe request we sent was:\n\nMethod: GET\nURL: https://mollusk-heroic-jaguar.ngrok-free.app/api/batch/allsessions/c/Python,JavaScript,Java,C#\n\nNo response was received within the timeout.\n\nhttps://on.cypress.io/request",
                "estack": "CypressError: `cy.request()` timed out waiting `30000ms` for a response from your server.\n\nThe request we sent was:\n\nMethod: GET\nURL: https://mollusk-heroic-jaguar.ngrok-free.app/api/batch/allsessions/c/Python,JavaScript,Java,C#\n\nNo response was received within the timeout.\n\nhttps://on.cypress.io/request\n    at <unknown> (http://localhost:61437/__cypress/runner/cypress_runner.js:133014:70)\n    at tryCatcher (http://localhost:61437/__cypress/runner/cypress_runner.js:1807:23)\n    at <unknown> (http://localhost:61437/__cypress/runner/cypress_runner.js:4186:41)\n    at tryCatcher (http://localhost:61437/__cypress/runner/cypress_runner.js:1807:23)\n    at Promise._settlePromiseFromHandler (http://localhost:61437/__cypress/runner/cypress_runner.js:1519:31)\n    at Promise._settlePromise (http://localhost:61437/__cypress/runner/cypress_runner.js:1576:18)\n    at Promise._settlePromise0 (http://localhost:61437/__cypress/runner/cypress_runner.js:1621:10)\n    at Promise._settlePromises (http://localhost:61437/__cypress/runner/cypress_runner.js:1697:18)\n    at _drainQueueStep (http://localhost:61437/__cypress/runner/cypress_runner.js:2407:12)\n    at _drainQueue (http://localhost:61437/__cypress/runner/cypress_runner.js:2400:9)\n    at Async._drainQueues (http://localhost:61437/__cypress/runner/cypress_runner.js:2416:5)\n    at Async.drainQueues (http://localhost:61437/__cypress/runner/cypress_runner.js:2286:14)\nFrom Your Spec Code:\n    at Context.eval (webpack://automation/./cypress/e2e/api/batch-service/GET/batch-allBatchSessionByCourse.cy.js:95:15)",
                "diff": null
              },
              "uuid": "31228841-e668-4da2-93d0-5adac8dee9f5",
              "parentUUID": "c1d75a06-de6c-4f53-9b1e-2f3e8be1bcaa",
              "isHook": false,
              "skipped": false
            }
          ],
          "suites": [],
          "passes": [
            "2fc30856-f93e-4d1c-a8c6-8bf6585032ea",
            "76f44977-a349-404e-b3b3-619ae0c58e84",
            "910c4e62-9a81-4cac-a21b-52e98e76c52f",
            "858e35ce-4844-4507-be95-cd8f811650b0"
          ],
          "failures": [
            "757f1f07-2358-4ba2-b9f8-5a41fdd05f16",
            "2ed007ae-89f3-4830-b4dc-6f0f2e7d10b5",
            "458c992e-19e6-4536-b7ef-386c5d891c34",
            "fe1bf6b9-c20d-4523-8dc3-71517cfad7cb",
            "d2161df4-922c-4593-87de-51b0241e7002",
            "a485d94b-61fc-49a7-ac64-a8d07c94a839",
            "3f7d94d0-0cea-435c-bba2-db2cc0fc1a77",
            "6e99a6d1-ecd4-4c4c-9aa2-a6351480d8c1",
            "0eb8c2bf-fea9-4ce2-835f-cf43a9bfcebb",
            "92d0207c-ee09-449f-ae1d-015fa9015e8b",
            "936f0c8b-25c9-467d-99e7-6794a1b8f8da",
            "31228841-e668-4da2-93d0-5adac8dee9f5"
          ],
          "pending": [],
          "skipped": [],
          "duration": 129420,
          "root": false,
          "rootEmpty": false,
          "_timeout": 2000
        }
      ],
      "passes": [],
      "failures": [],
      "pending": [],
      "skipped": [],
      "duration": 0,
      "root": true,
      "rootEmpty": true,
      "_timeout": 2000
    }
  ],
  "meta": {
    "mocha": {
      "version": "7.0.1"
    },
    "mochawesome": {
      "options": {
        "quiet": false,
        "reportFilename": "mochawesome",
        "saveHtml": false,
        "saveJson": true,
        "consoleReporter": "spec",
        "useInlineDiffs": false,
        "code": true
      },
      "version": "7.1.3"
    },
    "marge": {
      "options": {
        "reportDir": "cypress\\reports\\mochawesome\\.jsons",
        "overwrite": false,
        "html": false,
        "json": true,
        "timestamp": "mmddyyyy_HHMMss"
      },
      "version": "6.2.0"
    }
  }
}