{
  "stats": {
    "suites": 1,
    "tests": 8,
    "passes": 1,
    "pending": 0,
    "failures": 7,
    "start": "2024-01-24T05:13:25.599Z",
    "end": "2024-01-24T05:14:00.952Z",
    "duration": 35353,
    "testsRegistered": 8,
    "passPercent": 12.5,
    "pendingPercent": 0,
    "other": 0,
    "hasOther": false,
    "skipped": 0,
    "hasSkipped": false
  },
  "results": [
    {
      "uuid": "6af3e73a-3160-428a-b59e-a3dec34a5ab9",
      "title": "",
      "fullFile": "cypress\\e2e\\api\\batch-service\\GET\\batch-allBatchSessionByFaculty.cy.js",
      "file": "cypress\\e2e\\api\\batch-service\\GET\\batch-allBatchSessionByFaculty.cy.js",
      "beforeHooks": [],
      "afterHooks": [],
      "tests": [],
      "suites": [
        {
          "uuid": "d8b6c659-464c-4319-be01-be9f9d7e1836",
          "title": "GET - All batch Session By Faculty",
          "fullFile": "",
          "file": "",
          "beforeHooks": [],
          "afterHooks": [],
          "tests": [
            {
              "title": "Authorization Header - No Value",
              "fullTitle": "GET - All batch Session By Faculty Authorization Header - No Value",
              "timedOut": null,
              "duration": 706,
              "state": "failed",
              "speed": null,
              "pass": false,
              "fail": true,
              "pending": false,
              "context": "{\n  \"title\": \"cypress-mochawesome-reporter-screenshots\",\n  \"value\": [\n    [\n      \"\\\\batch-service\\\\GET\\\\batch-allBatchSessionByFaculty.cy.js\\\\GET - All batch Session By Faculty -- Authorization Header - No Value (failed).png\"\n    ]\n  ]\n}",
              "code": "cy.request({\n  method: HttpMethod.GET,\n  url: API_URL,\n  failOnStatusCode: false,\n  headers: {\n    \"ngrok-skip-browser-warning\": true\n  }\n}).then(response => {\n  expect(response.status).to.equal(404);\n});",
              "err": {
                "message": "AssertionError: expected 500 to equal 404",
                "estack": "AssertionError: expected 500 to equal 404\n    at Context.eval (webpack://automation/./cypress/e2e/api/batch-service/GET/batch-allBatchSessionByFaculty.cy.js:39:47)",
                "diff": "- 500\n+ 404\n"
              },
              "uuid": "5aae4b5f-c739-47d1-892d-41a6e19c3621",
              "parentUUID": "d8b6c659-464c-4319-be01-be9f9d7e1836",
              "isHook": false,
              "skipped": false
            },
            {
              "title": "Authorization Header - No Value",
              "fullTitle": "GET - All batch Session By Faculty Authorization Header - No Value",
              "timedOut": null,
              "duration": 638,
              "state": "failed",
              "speed": null,
              "pass": false,
              "fail": true,
              "pending": false,
              "context": "{\n  \"title\": \"cypress-mochawesome-reporter-screenshots\",\n  \"value\": [\n    [\n      \"\\\\batch-service\\\\GET\\\\batch-allBatchSessionByFaculty.cy.js\\\\GET - All batch Session By Faculty -- Authorization Header - No Value (failed) (1).png\"\n    ]\n  ]\n}",
              "code": "cy.request({\n  method: HttpMethod.GET,\n  url: API_URL,\n  failOnStatusCode: false,\n  headers: {\n    \"ngrok-skip-browser-warning\": true\n  }\n}).then(response => {\n  expect(response.status).to.equal(404);\n});",
              "err": {
                "message": "AssertionError: expected 500 to equal 404",
                "estack": "AssertionError: expected 500 to equal 404\n    at Context.eval (webpack://automation/./cypress/e2e/api/batch-service/GET/batch-allBatchSessionByFaculty.cy.js:39:47)",
                "diff": "- 500\n+ 404\n"
              },
              "uuid": "976b5a55-eb16-4556-b266-b4f5a7b8f7f2",
              "parentUUID": "d8b6c659-464c-4319-be01-be9f9d7e1836",
              "isHook": false,
              "skipped": false
            },
            {
              "title": "Authorization Header - No Value",
              "fullTitle": "GET - All batch Session By Faculty Authorization Header - No Value",
              "timedOut": null,
              "duration": 492,
              "state": "failed",
              "speed": null,
              "pass": false,
              "fail": true,
              "pending": false,
              "context": "{\n  \"title\": \"cypress-mochawesome-reporter-screenshots\",\n  \"value\": [\n    [\n      \"\\\\batch-service\\\\GET\\\\batch-allBatchSessionByFaculty.cy.js\\\\GET - All batch Session By Faculty -- Authorization Header - No Value (failed) (2).png\"\n    ]\n  ]\n}",
              "code": "cy.request({\n  method: HttpMethod.GET,\n  url: API_URL,\n  failOnStatusCode: false,\n  headers: {\n    \"ngrok-skip-browser-warning\": true\n  }\n}).then(response => {\n  expect(response.status).to.equal(404);\n});",
              "err": {
                "message": "AssertionError: expected 500 to equal 404",
                "estack": "AssertionError: expected 500 to equal 404\n    at Context.eval (webpack://automation/./cypress/e2e/api/batch-service/GET/batch-allBatchSessionByFaculty.cy.js:39:47)",
                "diff": "- 500\n+ 404\n"
              },
              "uuid": "eb900179-8431-4395-bec5-6f1d1240fd0c",
              "parentUUID": "d8b6c659-464c-4319-be01-be9f9d7e1836",
              "isHook": false,
              "skipped": false
            },
            {
              "title": "Authorization Header - No Value",
              "fullTitle": "GET - All batch Session By Faculty Authorization Header - No Value",
              "timedOut": null,
              "duration": 582,
              "state": "failed",
              "speed": null,
              "pass": false,
              "fail": true,
              "pending": false,
              "context": "{\n  \"title\": \"cypress-mochawesome-reporter-screenshots\",\n  \"value\": [\n    [\n      \"\\\\batch-service\\\\GET\\\\batch-allBatchSessionByFaculty.cy.js\\\\GET - All batch Session By Faculty -- Authorization Header - No Value (failed) (3).png\"\n    ]\n  ]\n}",
              "code": "cy.request({\n  method: HttpMethod.GET,\n  url: API_URL,\n  failOnStatusCode: false,\n  headers: {\n    \"ngrok-skip-browser-warning\": true\n  }\n}).then(response => {\n  expect(response.status).to.equal(404);\n});",
              "err": {
                "message": "AssertionError: expected 500 to equal 404",
                "estack": "AssertionError: expected 500 to equal 404\n    at Context.eval (webpack://automation/./cypress/e2e/api/batch-service/GET/batch-allBatchSessionByFaculty.cy.js:39:47)",
                "diff": "- 500\n+ 404\n"
              },
              "uuid": "31f5d2a5-2231-456b-a25a-ef9a6f1c8d19",
              "parentUUID": "d8b6c659-464c-4319-be01-be9f9d7e1836",
              "isHook": false,
              "skipped": false
            },
            {
              "title": "Authorization Header - No Value",
              "fullTitle": "GET - All batch Session By Faculty Authorization Header - No Value",
              "timedOut": null,
              "duration": 565,
              "state": "failed",
              "speed": null,
              "pass": false,
              "fail": true,
              "pending": false,
              "context": "{\n  \"title\": \"cypress-mochawesome-reporter-screenshots\",\n  \"value\": [\n    [\n      \"\\\\batch-service\\\\GET\\\\batch-allBatchSessionByFaculty.cy.js\\\\GET - All batch Session By Faculty -- Authorization Header - No Value (failed) (4).png\"\n    ]\n  ]\n}",
              "code": "cy.request({\n  method: HttpMethod.GET,\n  url: API_URL,\n  failOnStatusCode: false,\n  headers: {\n    \"ngrok-skip-browser-warning\": true\n  }\n}).then(response => {\n  expect(response.status).to.equal(404);\n});",
              "err": {
                "message": "AssertionError: expected 500 to equal 404",
                "estack": "AssertionError: expected 500 to equal 404\n    at Context.eval (webpack://automation/./cypress/e2e/api/batch-service/GET/batch-allBatchSessionByFaculty.cy.js:39:47)",
                "diff": "- 500\n+ 404\n"
              },
              "uuid": "1b21b039-08c6-494b-8e92-e41ff38798c2",
              "parentUUID": "d8b6c659-464c-4319-be01-be9f9d7e1836",
              "isHook": false,
              "skipped": false
            },
            {
              "title": "Authorization Header - Invalid Value",
              "fullTitle": "GET - All batch Session By Faculty Authorization Header - Invalid Value",
              "timedOut": null,
              "duration": 577,
              "state": "failed",
              "speed": null,
              "pass": false,
              "fail": true,
              "pending": false,
              "context": "{\n  \"title\": \"cypress-mochawesome-reporter-screenshots\",\n  \"value\": [\n    [\n      \"\\\\batch-service\\\\GET\\\\batch-allBatchSessionByFaculty.cy.js\\\\GET - All batch Session By Faculty -- Authorization Header - Invalid Value (failed).png\"\n    ]\n  ]\n}",
              "code": "cy.request({\n  method: HttpMethod.GET,\n  url: API_URL,\n  failOnStatusCode: false,\n  headers: {\n    \"Authorization\": \"HALO\",\n    \"ngrok-skip-browser-warning\": true\n  }\n}).then(response => {\n  expect(response.status).to.equal(403);\n});",
              "err": {
                "message": "AssertionError: expected 500 to equal 403",
                "estack": "AssertionError: expected 500 to equal 403\n    at Context.eval (webpack://automation/./cypress/e2e/api/batch-service/GET/batch-allBatchSessionByFaculty.cy.js:62:47)",
                "diff": "- 500\n+ 403\n"
              },
              "uuid": "67ea06f8-fe78-4b23-b443-1e6c5fb023c8",
              "parentUUID": "d8b6c659-464c-4319-be01-be9f9d7e1836",
              "isHook": false,
              "skipped": false
            },
            {
              "title": "Authorization Header - superuser (TOKEN)",
              "fullTitle": "GET - All batch Session By Faculty Authorization Header - superuser (TOKEN)",
              "timedOut": null,
              "duration": 188,
              "state": "passed",
              "speed": "fast",
              "pass": true,
              "fail": false,
              "pending": false,
              "context": null,
              "code": "cy.request({\n  method: HttpMethod.GET,\n  url: API_URL,\n  failOnStatusCode: false,\n  headers: {\n    Authorization: AUTH_HEADER.Admin,\n    \"ngrok-skip-browser-warning\": true\n  }\n}).then(response => {\n  if (response.status === 200) {} else {\n    expect(response.status).to.equal(204);\n  }\n});",
              "err": {},
              "uuid": "66c77673-a2ce-49a5-82b5-a99758004aca",
              "parentUUID": "d8b6c659-464c-4319-be01-be9f9d7e1836",
              "isHook": false,
              "skipped": false
            },
            {
              "title": "Authorization Header - sales (TOKEN)",
              "fullTitle": "GET - All batch Session By Faculty Authorization Header - sales (TOKEN)",
              "timedOut": null,
              "duration": 30499,
              "state": "failed",
              "speed": null,
              "pass": false,
              "fail": true,
              "pending": false,
              "context": "{\n  \"title\": \"cypress-mochawesome-reporter-screenshots\",\n  \"value\": [\n    [\n      \"\\\\batch-service\\\\GET\\\\batch-allBatchSessionByFaculty.cy.js\\\\GET - All batch Session By Faculty -- Authorization Header - sales (TOKEN) (failed).png\"\n    ]\n  ]\n}",
              "code": "cy.request({\n  method: HttpMethod.GET,\n  url: API_URL,\n  failOnStatusCode: false,\n  headers: {\n    Authorization: AUTH_HEADER.Sales,\n    \"ngrok-skip-browser-warning\": true\n  }\n}).then(response => {\n  expect(response.status).to.equal(403);\n});",
              "err": {
                "message": "CypressError: `cy.request()` timed out waiting `30000ms` for a response from your server.\n\nThe request we sent was:\n\nMethod: GET\nURL: https://mollusk-heroic-jaguar.ngrok-free.app/api/batch/allsessions/SPRK24PANC0,SPRK24VIV62,SPRK99RINE5,SPRK24ABD84,SPRK00SHI61\n\nNo response was received within the timeout.\n\nhttps://on.cypress.io/request",
                "estack": "CypressError: `cy.request()` timed out waiting `30000ms` for a response from your server.\n\nThe request we sent was:\n\nMethod: GET\nURL: https://mollusk-heroic-jaguar.ngrok-free.app/api/batch/allsessions/SPRK24PANC0,SPRK24VIV62,SPRK99RINE5,SPRK24ABD84,SPRK00SHI61\n\nNo response was received within the timeout.\n\nhttps://on.cypress.io/request\n    at <unknown> (http://localhost:61437/__cypress/runner/cypress_runner.js:133014:70)\n    at tryCatcher (http://localhost:61437/__cypress/runner/cypress_runner.js:1807:23)\n    at <unknown> (http://localhost:61437/__cypress/runner/cypress_runner.js:4186:41)\n    at tryCatcher (http://localhost:61437/__cypress/runner/cypress_runner.js:1807:23)\n    at Promise._settlePromiseFromHandler (http://localhost:61437/__cypress/runner/cypress_runner.js:1519:31)\n    at Promise._settlePromise (http://localhost:61437/__cypress/runner/cypress_runner.js:1576:18)\n    at Promise._settlePromise0 (http://localhost:61437/__cypress/runner/cypress_runner.js:1621:10)\n    at Promise._settlePromises (http://localhost:61437/__cypress/runner/cypress_runner.js:1697:18)\n    at _drainQueueStep (http://localhost:61437/__cypress/runner/cypress_runner.js:2407:12)\n    at _drainQueue (http://localhost:61437/__cypress/runner/cypress_runner.js:2400:9)\n    at Async._drainQueues (http://localhost:61437/__cypress/runner/cypress_runner.js:2416:5)\n    at Async.drainQueues (http://localhost:61437/__cypress/runner/cypress_runner.js:2286:14)\nFrom Your Spec Code:\n    at Context.eval (webpack://automation/./cypress/e2e/api/batch-service/GET/batch-allBatchSessionByFaculty.cy.js:95:15)",
                "diff": null
              },
              "uuid": "e01f6cd4-ee0e-4aa0-a6f7-00c60cac2664",
              "parentUUID": "d8b6c659-464c-4319-be01-be9f9d7e1836",
              "isHook": false,
              "skipped": false
            }
          ],
          "suites": [],
          "passes": [
            "66c77673-a2ce-49a5-82b5-a99758004aca"
          ],
          "failures": [
            "5aae4b5f-c739-47d1-892d-41a6e19c3621",
            "976b5a55-eb16-4556-b266-b4f5a7b8f7f2",
            "eb900179-8431-4395-bec5-6f1d1240fd0c",
            "31f5d2a5-2231-456b-a25a-ef9a6f1c8d19",
            "1b21b039-08c6-494b-8e92-e41ff38798c2",
            "67ea06f8-fe78-4b23-b443-1e6c5fb023c8",
            "e01f6cd4-ee0e-4aa0-a6f7-00c60cac2664"
          ],
          "pending": [],
          "skipped": [],
          "duration": 34247,
          "root": false,
          "rootEmpty": false,
          "_timeout": 2000
        }
      ],
      "passes": [],
      "failures": [],
      "pending": [],
      "skipped": [],
      "duration": 0,
      "root": true,
      "rootEmpty": true,
      "_timeout": 2000
    }
  ],
  "meta": {
    "mocha": {
      "version": "7.0.1"
    },
    "mochawesome": {
      "options": {
        "quiet": false,
        "reportFilename": "mochawesome",
        "saveHtml": false,
        "saveJson": true,
        "consoleReporter": "spec",
        "useInlineDiffs": false,
        "code": true
      },
      "version": "7.1.3"
    },
    "marge": {
      "options": {
        "reportDir": "cypress\\reports\\mochawesome\\.jsons",
        "overwrite": false,
        "html": false,
        "json": true,
        "timestamp": "mmddyyyy_HHMMss"
      },
      "version": "6.2.0"
    }
  }
}